0000              1   ;--------------------------------------------------------
0000              2   ; File Created by C51
0000              3   ; Version 1.0.0 #1069 (Dec 11 2012) (MSVC)
0000              4   ; This file was generated Thu Feb 05 12:00:38 2015
0000              5   ;--------------------------------------------------------
                  5   $name LCD_8_bit_new
                  6   $optc51 --model-small
0000              8            R_DSEG    segment data
0000              9            R_CSEG    segment code
0000             10            R_BSEG    segment bit
0000             11            R_XSEG    segment xdata
0000             12            R_PSEG    segment xdata
0000             13            R_ISEG    segment idata
0000             14            R_OSEG    segment data overlay
0000             15            BIT_BANK  segment data overlay
0000             16            R_HOME    segment code
0000             17            R_GSINIT  segment code
0000             18            R_IXSEG   segment xdata
0000             19            R_CONST   segment code
0000             20            R_XINIT   segment code
0000             21            R_DINIT   segment code
0000             22   
0000             23   ;--------------------------------------------------------
0000             24   ; Public variables in this module
0000             25   ;--------------------------------------------------------
0000             26            public _main
0000             27            public _delay
0000             28            public _LCDprint
0000             29            public _LCD_8BIT
0000             30            public _WriteCommand
0000             31            public _WriteData
0000             32            public _LCD_byte
0000             33            public _LCD_pulse
0000             34            public _waitms
0000             35            public _Wait50us
0000             36            public _InitPorts
0000             37            public _LCDprint_PARM_3
0000             38            public _LCDprint_PARM_2
0000             39   ;--------------------------------------------------------
0000             40   ; Special Function Registers
0000             41   ;--------------------------------------------------------
0000             42   _ACC            DATA 0xe0
0000             43   _ADCON0         DATA 0x8e
0000             44   _ADCON1         DATA 0x97
0000             45   _ADINS          DATA 0xa3
0000             46   _ADMODA         DATA 0xc0
0000             47   _ADMODB         DATA 0xa1
0000             48   _AD0BH          DATA 0xbb
0000             49   _AD0BL          DATA 0xa6
0000             50   _AD0DAT0        DATA 0xc5
0000             51   _AD0DAT1        DATA 0xc6
0000             52   _AD0DAT2        DATA 0xc7
0000             53   _AD0DAT3        DATA 0xf4
0000             54   _AD1BH          DATA 0xc4
0000             55   _AD1BL          DATA 0xbc
0000             56   _AD1DAT0        DATA 0xd5
0000             57   _AD1DAT1        DATA 0xd6
0000             58   _AD1DAT2        DATA 0xd7
0000             59   _AD1DAT3        DATA 0xf5
0000             60   _AUXR1          DATA 0xa2
0000             61   _B              DATA 0xf0
0000             62   _BRGR0          DATA 0xbe
0000             63   _BRGR1          DATA 0xbf
0000             64   _BRGCON         DATA 0xbd
0000             65   _CCCRA          DATA 0xea
0000             66   _CCCRB          DATA 0xeb
0000             67   _CCCRC          DATA 0xec
0000             68   _CCCRD          DATA 0xed
0000             69   _CMP1           DATA 0xac
0000             70   _CMP2           DATA 0xad
0000             71   _DEECON         DATA 0xf1
0000             72   _DEEDAT         DATA 0xf2
0000             73   _DEEADR         DATA 0xf3
0000             74   _DIVM           DATA 0x95
0000             75   _DPH            DATA 0x83
0000             76   _DPL            DATA 0x82
0000             77   _FMADRH         DATA 0xe7
0000             78   _FMADRL         DATA 0xe6
0000             79   _FMCON          DATA 0xe4
0000             80   _FMDATA         DATA 0xe5
0000             81   _I2ADR          DATA 0xdb
0000             82   _I2CON          DATA 0xd8
0000             83   _I2DAT          DATA 0xda
0000             84   _I2SCLH         DATA 0xdd
0000             85   _I2SCLL         DATA 0xdc
0000             86   _I2STAT         DATA 0xd9
0000             87   _ICRAH          DATA 0xab
0000             88   _ICRAL          DATA 0xaa
0000             89   _ICRBH          DATA 0xaf
0000             90   _ICRBL          DATA 0xae
0000             91   _IEN0           DATA 0xa8
0000             92   _IEN1           DATA 0xe8
0000             93   _IP0            DATA 0xb8
0000             94   _IP0H           DATA 0xb7
0000             95   _IP1            DATA 0xf8
0000             96   _IP1H           DATA 0xf7
0000             97   _KBCON          DATA 0x94
0000             98   _KBMASK         DATA 0x86
0000             99   _KBPATN         DATA 0x93
0000            100   _OCRAH          DATA 0xef
0000            101   _OCRAL          DATA 0xee
0000            102   _OCRBH          DATA 0xfb
0000            103   _OCRBL          DATA 0xfa
0000            104   _OCRCH          DATA 0xfd
0000            105   _OCRCL          DATA 0xfc
0000            106   _OCRDH          DATA 0xff
0000            107   _OCRDL          DATA 0xfe
0000            108   _P0             DATA 0x80
0000            109   _P1             DATA 0x90
0000            110   _P2             DATA 0xa0
0000            111   _P3             DATA 0xb0
0000            112   _P0M1           DATA 0x84
0000            113   _P0M2           DATA 0x85
0000            114   _P1M1           DATA 0x91
0000            115   _P1M2           DATA 0x92
0000            116   _P2M1           DATA 0xa4
0000            117   _P2M2           DATA 0xa5
0000            118   _P3M1           DATA 0xb1
0000            119   _P3M2           DATA 0xb2
0000            120   _PCON           DATA 0x87
0000            121   _PCONA          DATA 0xb5
0000            122   _PSW            DATA 0xd0
0000            123   _PT0AD          DATA 0xf6
0000            124   _RSTSRC         DATA 0xdf
0000            125   _RTCCON         DATA 0xd1
0000            126   _RTCH           DATA 0xd2
0000            127   _RTCL           DATA 0xd3
0000            128   _SADDR          DATA 0xa9
0000            129   _SADEN          DATA 0xb9
0000            130   _SBUF           DATA 0x99
0000            131   _SCON           DATA 0x98
0000            132   _SSTAT          DATA 0xba
0000            133   _SP             DATA 0x81
0000            134   _SPCTL          DATA 0xe2
0000            135   _SPSTAT         DATA 0xe1
0000            136   _SPDAT          DATA 0xe3
0000            137   _TAMOD          DATA 0x8f
0000            138   _TCON           DATA 0x88
0000            139   _TCR20          DATA 0xc8
0000            140   _TCR21          DATA 0xf9
0000            141   _TH0            DATA 0x8c
0000            142   _TH1            DATA 0x8d
0000            143   _TH2            DATA 0xcd
0000            144   _TICR2          DATA 0xc9
0000            145   _TIFR2          DATA 0xe9
0000            146   _TISE2          DATA 0xde
0000            147   _TL0            DATA 0x8a
0000            148   _TL1            DATA 0x8b
0000            149   _TL2            DATA 0xcc
0000            150   _TMOD           DATA 0x89
0000            151   _TOR2H          DATA 0xcf
0000            152   _TOR2L          DATA 0xce
0000            153   _TPCR2H         DATA 0xcb
0000            154   _TPCR2L         DATA 0xca
0000            155   _TRIM           DATA 0x96
0000            156   _WDCON          DATA 0xa7
0000            157   _WDL            DATA 0xc1
0000            158   _WFEED1         DATA 0xc2
0000            159   _WFEED2         DATA 0xc3
0000            160   ;--------------------------------------------------------
0000            161   ; special function bits
0000            162   ;--------------------------------------------------------
0000            163   _ACC_7          BIT 0xe7
0000            164   _ACC_6          BIT 0xe6
0000            165   _ACC_5          BIT 0xe5
0000            166   _ACC_4          BIT 0xe4
0000            167   _ACC_3          BIT 0xe3
0000            168   _ACC_2          BIT 0xe2
0000            169   _ACC_1          BIT 0xe1
0000            170   _ACC_0          BIT 0xe0
0000            171   _ADMODA_7       BIT 0xc7
0000            172   _ADMODA_6       BIT 0xc6
0000            173   _ADMODA_5       BIT 0xc5
0000            174   _ADMODA_4       BIT 0xc4
0000            175   _ADMODA_3       BIT 0xc3
0000            176   _ADMODA_2       BIT 0xc2
0000            177   _ADMODA_1       BIT 0xc1
0000            178   _ADMODA_0       BIT 0xc0
0000            179   _BNDI1          BIT 0xc7
0000            180   _BURST1         BIT 0xc6
0000            181   _SCC1           BIT 0xc5
0000            182   _SCAN1          BIT 0xc4
0000            183   _BNDI0          BIT 0xc3
0000            184   _BURST0         BIT 0xc2
0000            185   _SCC0           BIT 0xc1
0000            186   _SCAN0          BIT 0xc0
0000            187   _B_7            BIT 0xf7
0000            188   _B_6            BIT 0xf6
0000            189   _B_5            BIT 0xf5
0000            190   _B_4            BIT 0xf4
0000            191   _B_3            BIT 0xf3
0000            192   _B_2            BIT 0xf2
0000            193   _B_1            BIT 0xf1
0000            194   _B_0            BIT 0xf0
0000            195   _I2CON_7        BIT 0xdf
0000            196   _I2CON_6        BIT 0xde
0000            197   _I2CON_5        BIT 0xdd
0000            198   _I2CON_4        BIT 0xdc
0000            199   _I2CON_3        BIT 0xdb
0000            200   _I2CON_2        BIT 0xda
0000            201   _I2CON_1        BIT 0xd9
0000            202   _I2CON_0        BIT 0xd8
0000            203   _I2EN           BIT 0xde
0000            204   _STA            BIT 0xdd
0000            205   _STO            BIT 0xdc
0000            206   _SI             BIT 0xdb
0000            207   _AA             BIT 0xda
0000            208   _CRSEL          BIT 0xd8
0000            209   _IEN0_7         BIT 0xaf
0000            210   _IEN0_6         BIT 0xae
0000            211   _IEN0_5         BIT 0xad
0000            212   _IEN0_4         BIT 0xac
0000            213   _IEN0_3         BIT 0xab
0000            214   _IEN0_2         BIT 0xaa
0000            215   _IEN0_1         BIT 0xa9
0000            216   _IEN0_0         BIT 0xa8
0000            217   _EA             BIT 0xaf
0000            218   _EWDRT          BIT 0xae
0000            219   _EBO            BIT 0xad
0000            220   _ES             BIT 0xac
0000            221   _ESR            BIT 0xac
0000            222   _ET1            BIT 0xab
0000            223   _EX1            BIT 0xaa
0000            224   _ET0            BIT 0xa9
0000            225   _EX0            BIT 0xa8
0000            226   _IEN1_7         BIT 0xef
0000            227   _IEN1_6         BIT 0xee
0000            228   _IEN1_5         BIT 0xed
0000            229   _IEN1_4         BIT 0xec
0000            230   _IEN1_3         BIT 0xeb
0000            231   _IEN1_2         BIT 0xea
0000            232   _IEN1_1         BIT 0xe9
0000            233   _IEN1_0         BIT 0xe8
0000            234   _EADEE          BIT 0xef
0000            235   _EST            BIT 0xee
0000            236   _ECCU           BIT 0xec
0000            237   _ESPI           BIT 0xeb
0000            238   _EC             BIT 0xea
0000            239   _EKBI           BIT 0xe9
0000            240   _EI2C           BIT 0xe8
0000            241   _IP0_7          BIT 0xbf
0000            242   _IP0_6          BIT 0xbe
0000            243   _IP0_5          BIT 0xbd
0000            244   _IP0_4          BIT 0xbc
0000            245   _IP0_3          BIT 0xbb
0000            246   _IP0_2          BIT 0xba
0000            247   _IP0_1          BIT 0xb9
0000            248   _IP0_0          BIT 0xb8
0000            249   _PWDRT          BIT 0xbe
0000            250   _PBO            BIT 0xbd
0000            251   _PS             BIT 0xbc
0000            252   _PSR            BIT 0xbc
0000            253   _PT1            BIT 0xbb
0000            254   _PX1            BIT 0xba
0000            255   _PT0            BIT 0xb9
0000            256   _PX0            BIT 0xb8
0000            257   _IP1_7          BIT 0xff
0000            258   _IP1_6          BIT 0xfe
0000            259   _IP1_5          BIT 0xfd
0000            260   _IP1_4          BIT 0xfc
0000            261   _IP1_3          BIT 0xfb
0000            262   _IP1_2          BIT 0xfa
0000            263   _IP1_1          BIT 0xf9
0000            264   _IP1_0          BIT 0xf8
0000            265   _PADEE          BIT 0xff
0000            266   _PST            BIT 0xfe
0000            267   _PCCU           BIT 0xfc
0000            268   _PSPI           BIT 0xfb
0000            269   _PC             BIT 0xfa
0000            270   _PKBI           BIT 0xf9
0000            271   _PI2C           BIT 0xf8
0000            272   _P0_7           BIT 0x87
0000            273   _P0_6           BIT 0x86
0000            274   _P0_5           BIT 0x85
0000            275   _P0_4           BIT 0x84
0000            276   _P0_3           BIT 0x83
0000            277   _P0_2           BIT 0x82
0000            278   _P0_1           BIT 0x81
0000            279   _P0_0           BIT 0x80
0000            280   _T1             BIT 0x87
0000            281   _KB7            BIT 0x87
0000            282   _CMP_1          BIT 0x86
0000            283   _KB6            BIT 0x86
0000            284   _CMPREF         BIT 0x85
0000            285   _KB5            BIT 0x85
0000            286   _CIN1A          BIT 0x84
0000            287   _KB4            BIT 0x84
0000            288   _CIN1B          BIT 0x83
0000            289   _KB3            BIT 0x83
0000            290   _CIN2A          BIT 0x82
0000            291   _KB2            BIT 0x82
0000            292   _CIN2B          BIT 0x81
0000            293   _KB1            BIT 0x81
0000            294   _CMP_2          BIT 0x80
0000            295   _KB0            BIT 0x80
0000            296   _P1_7           BIT 0x97
0000            297   _P1_6           BIT 0x96
0000            298   _P1_5           BIT 0x95
0000            299   _P1_4           BIT 0x94
0000            300   _P1_3           BIT 0x93
0000            301   _P1_2           BIT 0x92
0000            302   _P1_1           BIT 0x91
0000            303   _P1_0           BIT 0x90
0000            304   _OCC            BIT 0x97
0000            305   _OCB            BIT 0x96
0000            306   _RST            BIT 0x95
0000            307   _INT1           BIT 0x94
0000            308   _INT0           BIT 0x93
0000            309   _SDA            BIT 0x93
0000            310   _T0             BIT 0x92
0000            311   _SCL            BIT 0x92
0000            312   _RXD            BIT 0x91
0000            313   _TXD            BIT 0x90
0000            314   _P2_7           BIT 0xa7
0000            315   _P2_6           BIT 0xa6
0000            316   _P2_5           BIT 0xa5
0000            317   _P2_4           BIT 0xa4
0000            318   _P2_3           BIT 0xa3
0000            319   _P2_2           BIT 0xa2
0000            320   _P2_1           BIT 0xa1
0000            321   _P2_0           BIT 0xa0
0000            322   _ICA            BIT 0xa7
0000            323   _OCA            BIT 0xa6
0000            324   _SPICLK         BIT 0xa5
0000            325   _SS             BIT 0xa4
0000            326   _MISO           BIT 0xa3
0000            327   _MOSI           BIT 0xa2
0000            328   _OCD            BIT 0xa1
0000            329   _ICB            BIT 0xa0
0000            330   _P3_7           BIT 0xb7
0000            331   _P3_6           BIT 0xb6
0000            332   _P3_5           BIT 0xb5
0000            333   _P3_4           BIT 0xb4
0000            334   _P3_3           BIT 0xb3
0000            335   _P3_2           BIT 0xb2
0000            336   _P3_1           BIT 0xb1
0000            337   _P3_0           BIT 0xb0
0000            338   _XTAL1          BIT 0xb1
0000            339   _XTAL2          BIT 0xb0
0000            340   _PSW_7          BIT 0xd7
0000            341   _PSW_6          BIT 0xd6
0000            342   _PSW_5          BIT 0xd5
0000            343   _PSW_4          BIT 0xd4
0000            344   _PSW_3          BIT 0xd3
0000            345   _PSW_2          BIT 0xd2
0000            346   _PSW_1          BIT 0xd1
0000            347   _PSW_0          BIT 0xd0
0000            348   _CY             BIT 0xd7
0000            349   _AC             BIT 0xd6
0000            350   _F0             BIT 0xd5
0000            351   _RS1            BIT 0xd4
0000            352   _RS0            BIT 0xd3
0000            353   _OV             BIT 0xd2
0000            354   _F1             BIT 0xd1
0000            355   _P              BIT 0xd0
0000            356   _SCON_7         BIT 0x9f
0000            357   _SCON_6         BIT 0x9e
0000            358   _SCON_5         BIT 0x9d
0000            359   _SCON_4         BIT 0x9c
0000            360   _SCON_3         BIT 0x9b
0000            361   _SCON_2         BIT 0x9a
0000            362   _SCON_1         BIT 0x99
0000            363   _SCON_0         BIT 0x98
0000            364   _SM0            BIT 0x9f
0000            365   _FE             BIT 0x9f
0000            366   _SM1            BIT 0x9e
0000            367   _SM2            BIT 0x9d
0000            368   _REN            BIT 0x9c
0000            369   _TB8            BIT 0x9b
0000            370   _RB8            BIT 0x9a
0000            371   _TI             BIT 0x99
0000            372   _RI             BIT 0x98
0000            373   _TCON_7         BIT 0x8f
0000            374   _TCON_6         BIT 0x8e
0000            375   _TCON_5         BIT 0x8d
0000            376   _TCON_4         BIT 0x8c
0000            377   _TCON_3         BIT 0x8b
0000            378   _TCON_2         BIT 0x8a
0000            379   _TCON_1         BIT 0x89
0000            380   _TCON_0         BIT 0x88
0000            381   _TF1            BIT 0x8f
0000            382   _TR1            BIT 0x8e
0000            383   _TF0            BIT 0x8d
0000            384   _TR0            BIT 0x8c
0000            385   _IE1            BIT 0x8b
0000            386   _IT1            BIT 0x8a
0000            387   _IE0            BIT 0x89
0000            388   _IT0            BIT 0x88
0000            389   _TCR20_7        BIT 0xcf
0000            390   _TCR20_6        BIT 0xce
0000            391   _TCR20_5        BIT 0xcd
0000            392   _TCR20_4        BIT 0xcc
0000            393   _TCR20_3        BIT 0xcb
0000            394   _TCR20_2        BIT 0xca
0000            395   _TCR20_1        BIT 0xc9
0000            396   _TCR20_0        BIT 0xc8
0000            397   _PLEEN          BIT 0xcf
0000            398   _HLTRN          BIT 0xce
0000            399   _HLTEN          BIT 0xcd
0000            400   _ALTCD          BIT 0xcc
0000            401   _ALTAB          BIT 0xcb
0000            402   _TDIR2          BIT 0xca
0000            403   _TMOD21         BIT 0xc9
0000            404   _TMOD20         BIT 0xc8
0000            405   ;--------------------------------------------------------
0000            406   ; overlayable register banks
0000            407   ;--------------------------------------------------------
0000            408            rbank0 segment data overlay
0000            409   ;--------------------------------------------------------
0000            410   ; internal ram data
0000            411   ;--------------------------------------------------------
0000            412            rseg R_DSEG
0000            413   _LCDprint_PARM_2:
0000            414            ds 1
0001            415   ;--------------------------------------------------------
0001            416   ; overlayable items in internal ram 
0001            417   ;--------------------------------------------------------
0000            418            rseg    R_OSEG
0000            419   ;--------------------------------------------------------
0000            420   ; indirectly addressable internal ram data
0000            421   ;--------------------------------------------------------
0000            422            rseg R_ISEG
0000            423   ;--------------------------------------------------------
0000            424   ; absolute internal ram data
0000            425   ;--------------------------------------------------------
0000            426            DSEG
0000            427   ;--------------------------------------------------------
0000            428   ; bit data
0000            429   ;--------------------------------------------------------
0000            430            rseg R_BSEG
0000            431   _LCDprint_PARM_3:
0000            432            DBIT    1
0001            433   ;--------------------------------------------------------
0001            434   ; paged external ram data
0001            435   ;--------------------------------------------------------
0000            436            rseg R_PSEG
0000            437   ;--------------------------------------------------------
0000            438   ; external ram data
0000            439   ;--------------------------------------------------------
0000            440            rseg R_XSEG
FFC8            441            XSEG at 0xffc8
FFC8            442   _BODCFG: ds 1
FFC9            443            public _BODCFG
0000            444            rseg R_XSEG
FFDE            445            XSEG at 0xffde
FFDE            446   _CLKCON: ds 1
FFDF            447            public _CLKCON
0000            448            rseg R_XSEG
FFE1            449            XSEG at 0xffe1
FFE1            450   _PGACON1: ds 1
FFE2            451            public _PGACON1
0000            452            rseg R_XSEG
FFE4            453            XSEG at 0xffe4
FFE4            454   _PGACON1B: ds 1
FFE5            455            public _PGACON1B
0000            456            rseg R_XSEG
FFE3            457            XSEG at 0xffe3
FFE3            458   _PGA1TRIM8X16X: ds 1
FFE4            459            public _PGA1TRIM8X16X
0000            460            rseg R_XSEG
FFE2            461            XSEG at 0xffe2
FFE2            462   _PGA1TRIM2X4X: ds 1
FFE3            463            public _PGA1TRIM2X4X
0000            464            rseg R_XSEG
FFCA            465            XSEG at 0xffca
FFCA            466   _PGACON0: ds 1
FFCB            467            public _PGACON0
0000            468            rseg R_XSEG
FFCE            469            XSEG at 0xffce
FFCE            470   _PGACON0B: ds 1
FFCF            471            public _PGACON0B
0000            472            rseg R_XSEG
FFCD            473            XSEG at 0xffcd
FFCD            474   _PGA0TRIM8X16X: ds 1
FFCE            475            public _PGA0TRIM8X16X
0000            476            rseg R_XSEG
FFCC            477            XSEG at 0xffcc
FFCC            478   _PGA0TRIM2X4X: ds 1
FFCD            479            public _PGA0TRIM2X4X
0000            480            rseg R_XSEG
FFBF            481            XSEG at 0xffbf
FFBF            482   _RTCDATH: ds 1
FFC0            483            public _RTCDATH
0000            484            rseg R_XSEG
FFBE            485            XSEG at 0xffbe
FFBE            486   _RTCDATL: ds 1
FFBF            487            public _RTCDATL
0000            488            rseg R_XSEG
0000            489   ;--------------------------------------------------------
0000            490   ; absolute external ram data
0000            491   ;--------------------------------------------------------
FFBF            492            XSEG
FFBF            493   ;--------------------------------------------------------
FFBF            494   ; external initialized ram data
FFBF            495   ;--------------------------------------------------------
0000            496            rseg R_IXSEG
0000            497            rseg R_HOME
0000            498            rseg R_GSINIT
0000            499            rseg R_CSEG
0000            500   ;--------------------------------------------------------
0000            501   ; Reset entry point and interrupt vectors
0000            502   ;--------------------------------------------------------
0000            503            CSEG at 0x0000
0000 020100     504            ljmp    _crt0
0003            505   ;--------------------------------------------------------
0003            506   ; global & static initialisations
0003            507   ;--------------------------------------------------------
0000            508            rseg R_HOME
0000            509            rseg R_GSINIT
0000            510            rseg R_GSINIT
0000            511   ;--------------------------------------------------------
0000            512   ; data variables initialization
0000            513   ;--------------------------------------------------------
0000            514            rseg R_DINIT
0000            515            ; The linker places a 'ret' at the end of segment R_DINIT.
0000            516   ;--------------------------------------------------------
0000            517   ; code
0000            518   ;--------------------------------------------------------
0000            519            rseg R_CSEG
0000            520   ;------------------------------------------------------------
0000            521   ;Allocation info for local variables in function 'InitPorts'
0000            522   ;------------------------------------------------------------
0000            523   ;------------------------------------------------------------
0000            524   ;        C:\Users\Saman\Documents\GitHub\eece_284\Code\LCD_8_bit_new.c:25: void InitPorts(void)
0000            525   ;        -----------------------------------------
0000            526   ;         function InitPorts
0000            527   ;        -----------------------------------------
0000            528   _InitPorts:
0000            529            using   0
0000            530   ;        C:\Users\Saman\Documents\GitHub\eece_284\Code\LCD_8_bit_new.c:27: P0M1=0;
0000 758400     531            mov     _P0M1,#0x00
0003            532   ;        C:\Users\Saman\Documents\GitHub\eece_284\Code\LCD_8_bit_new.c:28: P0M2=0;
0003 758500     533            mov     _P0M2,#0x00
0006            534   ;        C:\Users\Saman\Documents\GitHub\eece_284\Code\LCD_8_bit_new.c:29: P1M1=0;
0006 759100     535            mov     _P1M1,#0x00
0009            536   ;        C:\Users\Saman\Documents\GitHub\eece_284\Code\LCD_8_bit_new.c:30: P1M2=0;
0009 759200     537            mov     _P1M2,#0x00
000C            538   ;        C:\Users\Saman\Documents\GitHub\eece_284\Code\LCD_8_bit_new.c:31: P2M1=0;
000C 75A400     539            mov     _P2M1,#0x00
000F            540   ;        C:\Users\Saman\Documents\GitHub\eece_284\Code\LCD_8_bit_new.c:32: P2M2=0;
000F 75A500     541            mov     _P2M2,#0x00
0012            542   ;        C:\Users\Saman\Documents\GitHub\eece_284\Code\LCD_8_bit_new.c:33: P3M1=0;
0012 75B100     543            mov     _P3M1,#0x00
0015            544   ;        C:\Users\Saman\Documents\GitHub\eece_284\Code\LCD_8_bit_new.c:34: P3M2=0;
0015 75B200     545            mov     _P3M2,#0x00
0018 22         546            ret
0019            547   ;------------------------------------------------------------
0019            548   ;Allocation info for local variables in function 'Wait50us'
0019            549   ;------------------------------------------------------------
0019            550   ;------------------------------------------------------------
0019            551   ;        C:\Users\Saman\Documents\GitHub\eece_284\Code\LCD_8_bit_new.c:37: void Wait50us (void)
0019            552   ;        -----------------------------------------
0019            553   ;         function Wait50us
0019            554   ;        -----------------------------------------
0019            555   _Wait50us:
0019            556   ;        C:\Users\Saman\Documents\GitHub\eece_284\Code\LCD_8_bit_new.c:42: _endasm;
0019            557            
0019 7852       558                mov R0, #82
001B            559            L0:
001B D868       560            djnz R0, L0 ; 2 machine cycles-> 2*0.27126us*92=50us
001D            561                
001D 22         562            ret
001E            563   ;------------------------------------------------------------
001E            564   ;Allocation info for local variables in function 'waitms'
001E            565   ;------------------------------------------------------------
001E            566   ;ms                        Allocated to registers r2 r3 
001E            567   ;j                         Allocated to registers r4 r5 
001E            568   ;k                         Allocated to registers r6 
001E            569   ;------------------------------------------------------------
001E            570   ;        C:\Users\Saman\Documents\GitHub\eece_284\Code\LCD_8_bit_new.c:45: void waitms (unsigned int ms)
001E            571   ;        -----------------------------------------
001E            572   ;         function waitms
001E            573   ;        -----------------------------------------
001E            574   _waitms:
001E AA82       575            mov     r2,dpl
0020 AB83       576            mov     r3,dph
0022            577   ;        C:\Users\Saman\Documents\GitHub\eece_284\Code\LCD_8_bit_new.c:51: for(j=0; j<ms; j++)
0022 7C00       578            mov     r4,#0x00
0024 7D00       579            mov     r5,#0x00
0026            580   L004004?:
0026 C3         581            clr     c
0027 EC         582            mov     a,r4
0028 9A         583            subb    a,r2
0029 ED         584            mov     a,r5
002A 9B         585            subb    a,r3
002B 5001       586            jnc     L004008?
002D            587   ;        C:\Users\Saman\Documents\GitHub\eece_284\Code\LCD_8_bit_new.c:52: for (k=0; k<20; k++) Wait50us();
002D 7E14       588            mov     r6,#0x14
002F            589   L004003?:
002F C002       590            push    ar2
0031 C003       591            push    ar3
0033 C004       592            push    ar4
0035 C005       593            push    ar5
0037 C006       594            push    ar6
0039 120100     595            lcall   _Wait50us
003C D006       596            pop     ar6
003E D005       597            pop     ar5
0040 D004       598            pop     ar4
0042 D003       599            pop     ar3
0044 D002       600            pop     ar2
0046 DEA8       601            djnz    r6,L004003?
0048            602   ;        C:\Users\Saman\Documents\GitHub\eece_284\Code\LCD_8_bit_new.c:51: for(j=0; j<ms; j++)
0048 0C         603            inc     r4
0049 BC0028     604            cjne    r4,#0x00,L004004?
004C 0D         605            inc     r5
004D 8001       606            sjmp    L004004?
004F            607   L004008?:
004F 22         608            ret
0050            609   ;------------------------------------------------------------
0050            610   ;Allocation info for local variables in function 'LCD_pulse'
0050            611   ;------------------------------------------------------------
0050            612   ;------------------------------------------------------------
0050            613   ;        C:\Users\Saman\Documents\GitHub\eece_284\Code\LCD_8_bit_new.c:55: void LCD_pulse (void)
0050            614   ;        -----------------------------------------
0050            615   ;         function LCD_pulse
0050            616   ;        -----------------------------------------
0050            617   _LCD_pulse:
0050            618   ;        C:\Users\Saman\Documents\GitHub\eece_284\Code\LCD_8_bit_new.c:57: LCD_E=1;
0050 D2A5       619            setb    _P2_5
0052            620   ;        C:\Users\Saman\Documents\GitHub\eece_284\Code\LCD_8_bit_new.c:58: Wait50us();
0052 120100     621            lcall   _Wait50us
0055            622   ;        C:\Users\Saman\Documents\GitHub\eece_284\Code\LCD_8_bit_new.c:59: LCD_E=0;
0055 C2A5       623            clr     _P2_5
0057 22         624            ret
0058            625   ;------------------------------------------------------------
0058            626   ;Allocation info for local variables in function 'LCD_byte'
0058            627   ;------------------------------------------------------------
0058            628   ;x                         Allocated to registers 
0058            629   ;------------------------------------------------------------
0058            630   ;        C:\Users\Saman\Documents\GitHub\eece_284\Code\LCD_8_bit_new.c:62: void LCD_byte (unsigned char x)
0058            631   ;        -----------------------------------------
0058            632   ;         function LCD_byte
0058            633   ;        -----------------------------------------
0058            634   _LCD_byte:
0058 8582E0     635            mov     _ACC,dpl
005B            636   ;        C:\Users\Saman\Documents\GitHub\eece_284\Code\LCD_8_bit_new.c:66: LCD_D7=ACC_7;
005B A2E7       637            mov     c,_ACC_7
005D 9294       638            mov     _P1_4,c
005F            639   ;        C:\Users\Saman\Documents\GitHub\eece_284\Code\LCD_8_bit_new.c:67: LCD_D6=ACC_6;
005F A2E6       640            mov     c,_ACC_6
0061 9296       641            mov     _P1_6,c
0063            642   ;        C:\Users\Saman\Documents\GitHub\eece_284\Code\LCD_8_bit_new.c:68: LCD_D5=ACC_5;
0063 A2E5       643            mov     c,_ACC_5
0065 9297       644            mov     _P1_7,c
0067            645   ;        C:\Users\Saman\Documents\GitHub\eece_284\Code\LCD_8_bit_new.c:69: LCD_D4=ACC_4;
0067 A2E4       646            mov     c,_ACC_4
0069 92A0       647            mov     _P2_0,c
006B            648   ;        C:\Users\Saman\Documents\GitHub\eece_284\Code\LCD_8_bit_new.c:70: LCD_D3=ACC_3;
006B A2E3       649            mov     c,_ACC_3
006D 92A1       650            mov     _P2_1,c
006F            651   ;        C:\Users\Saman\Documents\GitHub\eece_284\Code\LCD_8_bit_new.c:71: LCD_D2=ACC_2;
006F A2E2       652            mov     c,_ACC_2
0071 92A2       653            mov     _P2_2,c
0073            654   ;        C:\Users\Saman\Documents\GitHub\eece_284\Code\LCD_8_bit_new.c:72: LCD_D1=ACC_1;
0073 A2E1       655            mov     c,_ACC_1
0075 92A3       656            mov     _P2_3,c
0077            657   ;        C:\Users\Saman\Documents\GitHub\eece_284\Code\LCD_8_bit_new.c:73: LCD_D0=ACC_0;
0077 A2E0       658            mov     c,_ACC_0
0079 92A4       659            mov     _P2_4,c
007B            660   ;        C:\Users\Saman\Documents\GitHub\eece_284\Code\LCD_8_bit_new.c:74: LCD_pulse();
007B 020100     661            ljmp    _LCD_pulse
007E            662   ;------------------------------------------------------------
007E            663   ;Allocation info for local variables in function 'WriteData'
007E            664   ;------------------------------------------------------------
007E            665   ;x                         Allocated to registers r2 
007E            666   ;------------------------------------------------------------
007E            667   ;        C:\Users\Saman\Documents\GitHub\eece_284\Code\LCD_8_bit_new.c:77: void WriteData (unsigned char x)
007E            668   ;        -----------------------------------------
007E            669   ;         function WriteData
007E            670   ;        -----------------------------------------
007E            671   _WriteData:
007E AA82       672            mov     r2,dpl
0080            673   ;        C:\Users\Saman\Documents\GitHub\eece_284\Code\LCD_8_bit_new.c:79: LCD_RS=1;
0080 D2A7       674            setb    _P2_7
0082            675   ;        C:\Users\Saman\Documents\GitHub\eece_284\Code\LCD_8_bit_new.c:80: LCD_byte(x);
0082 8A82       676            mov     dpl,r2
0084 120100     677            lcall   _LCD_byte
0087            678   ;        C:\Users\Saman\Documents\GitHub\eece_284\Code\LCD_8_bit_new.c:81: waitms(2);
0087 900002     679            mov     dptr,#0x0002
008A 020100     680            ljmp    _waitms
008D            681   ;------------------------------------------------------------
008D            682   ;Allocation info for local variables in function 'WriteCommand'
008D            683   ;------------------------------------------------------------
008D            684   ;x                         Allocated to registers r2 
008D            685   ;------------------------------------------------------------
008D            686   ;        C:\Users\Saman\Documents\GitHub\eece_284\Code\LCD_8_bit_new.c:84: void WriteCommand (unsigned char x)
008D            687   ;        -----------------------------------------
008D            688   ;         function WriteCommand
008D            689   ;        -----------------------------------------
008D            690   _WriteCommand:
008D AA82       691            mov     r2,dpl
008F            692   ;        C:\Users\Saman\Documents\GitHub\eece_284\Code\LCD_8_bit_new.c:86: LCD_RS=0;
008F C2A7       693            clr     _P2_7
0091            694   ;        C:\Users\Saman\Documents\GitHub\eece_284\Code\LCD_8_bit_new.c:87: LCD_byte(x);
0091 8A82       695            mov     dpl,r2
0093 120100     696            lcall   _LCD_byte
0096            697   ;        C:\Users\Saman\Documents\GitHub\eece_284\Code\LCD_8_bit_new.c:88: waitms(5);
0096 900005     698            mov     dptr,#0x0005
0099 020100     699            ljmp    _waitms
009C            700   ;------------------------------------------------------------
009C            701   ;Allocation info for local variables in function 'LCD_8BIT'
009C            702   ;------------------------------------------------------------
009C            703   ;------------------------------------------------------------
009C            704   ;        C:\Users\Saman\Documents\GitHub\eece_284\Code\LCD_8_bit_new.c:91: void LCD_8BIT (void)
009C            705   ;        -----------------------------------------
009C            706   ;         function LCD_8BIT
009C            707   ;        -----------------------------------------
009C            708   _LCD_8BIT:
009C            709   ;        C:\Users\Saman\Documents\GitHub\eece_284\Code\LCD_8_bit_new.c:93: LCD_E=0;  // Resting state of LCD's enable is zero
009C C2A5       710            clr     _P2_5
009E            711   ;        C:\Users\Saman\Documents\GitHub\eece_284\Code\LCD_8_bit_new.c:94: LCD_RW=0; // We are only writing to the LCD in this program
009E C2A6       712            clr     _P2_6
00A0            713   ;        C:\Users\Saman\Documents\GitHub\eece_284\Code\LCD_8_bit_new.c:95: waitms(20);
00A0 900014     714            mov     dptr,#0x0014
00A3 120100     715            lcall   _waitms
00A6            716   ;        C:\Users\Saman\Documents\GitHub\eece_284\Code\LCD_8_bit_new.c:97: WriteCommand(0x33);
00A6 758233     717            mov     dpl,#0x33
00A9 120100     718            lcall   _WriteCommand
00AC            719   ;        C:\Users\Saman\Documents\GitHub\eece_284\Code\LCD_8_bit_new.c:98: WriteCommand(0x33);
00AC 758233     720            mov     dpl,#0x33
00AF 120100     721            lcall   _WriteCommand
00B2            722   ;        C:\Users\Saman\Documents\GitHub\eece_284\Code\LCD_8_bit_new.c:99: WriteCommand(0x33); // Stay in 8-bit mode
00B2 758233     723            mov     dpl,#0x33
00B5 120100     724            lcall   _WriteCommand
00B8            725   ;        C:\Users\Saman\Documents\GitHub\eece_284\Code\LCD_8_bit_new.c:102: WriteCommand(0x38);
00B8 758238     726            mov     dpl,#0x38
00BB 120100     727            lcall   _WriteCommand
00BE            728   ;        C:\Users\Saman\Documents\GitHub\eece_284\Code\LCD_8_bit_new.c:103: WriteCommand(0x0c);
00BE 75820C     729            mov     dpl,#0x0C
00C1 120100     730            lcall   _WriteCommand
00C4            731   ;        C:\Users\Saman\Documents\GitHub\eece_284\Code\LCD_8_bit_new.c:104: WriteCommand(0x01); // Clear screen command (takes some time)
00C4 758201     732            mov     dpl,#0x01
00C7 120100     733            lcall   _WriteCommand
00CA            734   ;        C:\Users\Saman\Documents\GitHub\eece_284\Code\LCD_8_bit_new.c:105: waitms(20); // Wait for clear screen command to finsih.
00CA 900014     735            mov     dptr,#0x0014
00CD 020100     736            ljmp    _waitms
00D0            737   ;------------------------------------------------------------
00D0            738   ;Allocation info for local variables in function 'LCDprint'
00D0            739   ;------------------------------------------------------------
00D0            740   ;line                      Allocated with name '_LCDprint_PARM_2'
00D0            741   ;string                    Allocated to registers r2 r3 r4 
00D0            742   ;j                         Allocated to registers r5 
00D0            743   ;------------------------------------------------------------
00D0            744   ;        C:\Users\Saman\Documents\GitHub\eece_284\Code\LCD_8_bit_new.c:108: void LCDprint(char * string, unsigned char line, bit clear)
00D0            745   ;        -----------------------------------------
00D0            746   ;         function LCDprint
00D0            747   ;        -----------------------------------------
00D0            748   _LCDprint:
00D0 AA82       749            mov     r2,dpl
00D2 AB83       750            mov     r3,dph
00D4 ACF0       751            mov     r4,b
00D6            752   ;        C:\Users\Saman\Documents\GitHub\eece_284\Code\LCD_8_bit_new.c:112: WriteCommand(line==2?0xc0:0x80);
00D6 7402       753            mov     a,#0x02
00D8 B5A828     754            cjne    a,_LCDprint_PARM_2,L010013?
00DB 7DC0       755            mov     r5,#0xC0
00DD 8001       756            sjmp    L010014?
00DF            757   L010013?:
00DF 7D80       758            mov     r5,#0x80
00E1            759   L010014?:
00E1 8D82       760            mov     dpl,r5
00E3 C002       761            push    ar2
00E5 C003       762            push    ar3
00E7 C004       763            push    ar4
00E9 120100     764            lcall   _WriteCommand
00EC            765   ;        C:\Users\Saman\Documents\GitHub\eece_284\Code\LCD_8_bit_new.c:113: waitms(5);
00EC 900005     766            mov     dptr,#0x0005
00EF 120100     767            lcall   _waitms
00F2 D004       768            pop     ar4
00F4 D003       769            pop     ar3
00F6 D002       770            pop     ar2
00F8            771   ;        C:\Users\Saman\Documents\GitHub\eece_284\Code\LCD_8_bit_new.c:114: for(j=0; string[j]!=0; j++)  WriteData(string[j]);// Write the message
00F8 7D00       772            mov     r5,#0x00
00FA            773   L010003?:
00FA ED         774            mov     a,r5
00FB 2A         775            add     a,r2
00FC FE         776            mov     r6,a
00FD E4         777            clr     a
00FE 3B         778            addc    a,r3
00FF FF         779            mov     r7,a
0100 8C00       780            mov     ar0,r4
0102 8E82       781            mov     dpl,r6
0104 8F83       782            mov     dph,r7
0106 88F0       783            mov     b,r0
0108 120100     784            lcall   __gptrget
010B FE         785            mov     r6,a
010C 6001       786            jz      L010006?
010E 8E82       787            mov     dpl,r6
0110 C002       788            push    ar2
0112 C003       789            push    ar3
0114 C004       790            push    ar4
0116 C005       791            push    ar5
0118 120100     792            lcall   _WriteData
011B D005       793            pop     ar5
011D D004       794            pop     ar4
011F D003       795            pop     ar3
0121 D002       796            pop     ar2
0123 0D         797            inc     r5
0124 8001       798            sjmp    L010003?
0126            799   L010006?:
0126            800   ;        C:\Users\Saman\Documents\GitHub\eece_284\Code\LCD_8_bit_new.c:115: if(clear) for(; j<CHARS_PER_LINE; j++) WriteData(' '); // Clear the rest of the line
0126 305868     801            jnb     _LCDprint_PARM_3,L010011?
0129 8D02       802            mov     ar2,r5
012B            803   L010007?:
012B BA10E8     804            cjne    r2,#0x10,L010026?
012E            805   L010026?:
012E 5001       806            jnc     L010011?
0130 758220     807            mov     dpl,#0x20
0133 C002       808            push    ar2
0135 120100     809            lcall   _WriteData
0138 D002       810            pop     ar2
013A 0A         811            inc     r2
013B 8001       812            sjmp    L010007?
013D            813   L010011?:
013D 22         814            ret
013E            815   ;------------------------------------------------------------
013E            816   ;Allocation info for local variables in function 'delay'
013E            817   ;------------------------------------------------------------
013E            818   ;j                         Allocated to registers r2 r3 
013E            819   ;k                         Allocated to registers r4 r5 
013E            820   ;------------------------------------------------------------
013E            821   ;        C:\Users\Saman\Documents\GitHub\eece_284\Code\LCD_8_bit_new.c:119: void delay(void)
013E            822   ;        -----------------------------------------
013E            823   ;         function delay
013E            824   ;        -----------------------------------------
013E            825   _delay:
013E            826   ;        C:\Users\Saman\Documents\GitHub\eece_284\Code\LCD_8_bit_new.c:122: for(j=0; j<100; j++)
013E 7A00       827            mov     r2,#0x00
0140 7B00       828            mov     r3,#0x00
0142            829   L011004?:
0142 C3         830            clr     c
0143 EA         831            mov     a,r2
0144 9464       832            subb    a,#0x64
0146 EB         833            mov     a,r3
0147 6480       834            xrl     a,#0x80
0149 9480       835            subb    a,#0x80
014B 5001       836            jnc     L011008?
014D            837   ;        C:\Users\Saman\Documents\GitHub\eece_284\Code\LCD_8_bit_new.c:124: for(k=0; k<1000; k++);
014D 7CE8       838            mov     r4,#0xE8
014F 7D03       839            mov     r5,#0x03
0151            840   L011003?:
0151 1C         841            dec     r4
0152 BCFFE8     842            cjne    r4,#0xff,L011017?
0155 1D         843            dec     r5
0156            844   L011017?:
0156 EC         845            mov     a,r4
0157 4D         846            orl     a,r5
0158 7001       847            jnz     L011003?
015A            848   ;        C:\Users\Saman\Documents\GitHub\eece_284\Code\LCD_8_bit_new.c:122: for(j=0; j<100; j++)
015A 0A         849            inc     r2
015B BA0028     850            cjne    r2,#0x00,L011004?
015E 0B         851            inc     r3
015F 8001       852            sjmp    L011004?
0161            853   L011008?:
0161 22         854            ret
0162            855   ;------------------------------------------------------------
0162            856   ;Allocation info for local variables in function 'main'
0162            857   ;------------------------------------------------------------
0162            858   ;------------------------------------------------------------
0162            859   ;        C:\Users\Saman\Documents\GitHub\eece_284\Code\LCD_8_bit_new.c:129: void main (void)
0162            860   ;        -----------------------------------------
0162            861   ;         function main
0162            862   ;        -----------------------------------------
0162            863   _main:
0162            864   ;        C:\Users\Saman\Documents\GitHub\eece_284\Code\LCD_8_bit_new.c:132: InitPorts();
0162 120100     865            lcall   _InitPorts
0165            866   ;        C:\Users\Saman\Documents\GitHub\eece_284\Code\LCD_8_bit_new.c:133: LCD_8BIT(); 
0165 120100     867            lcall   _LCD_8BIT
0168            868   ;        C:\Users\Saman\Documents\GitHub\eece_284\Code\LCD_8_bit_new.c:136: LCDprint("PORT TEST", 1,1);
0168 75A801     869            mov     _LCDprint_PARM_2,#0x01
016B D258       870            setb    _LCDprint_PARM_3
016D 90A328     871            mov     dptr,#__str_0
0170 75F080     872            mov     b,#0x80
0173 120100     873            lcall   _LCDprint
0176            874   ;        C:\Users\Saman\Documents\GitHub\eece_284\Code\LCD_8_bit_new.c:138: while(1)
0176            875   L012002?:
0176            876   ;        C:\Users\Saman\Documents\GitHub\eece_284\Code\LCD_8_bit_new.c:140: P0_0=0;
0176 C280       877            clr     _P0_0
0178            878   ;        C:\Users\Saman\Documents\GitHub\eece_284\Code\LCD_8_bit_new.c:141: P0_1=0;
0178 C281       879            clr     _P0_1
017A            880   ;        C:\Users\Saman\Documents\GitHub\eece_284\Code\LCD_8_bit_new.c:142: P0_2=0;
017A C282       881            clr     _P0_2
017C            882   ;        C:\Users\Saman\Documents\GitHub\eece_284\Code\LCD_8_bit_new.c:143: P0_3=0;
017C C283       883            clr     _P0_3
017E            884   ;        C:\Users\Saman\Documents\GitHub\eece_284\Code\LCD_8_bit_new.c:144: P0_4=0;
017E C284       885            clr     _P0_4
0180            886   ;        C:\Users\Saman\Documents\GitHub\eece_284\Code\LCD_8_bit_new.c:145: P0_5=0;
0180 C285       887            clr     _P0_5
0182            888   ;        C:\Users\Saman\Documents\GitHub\eece_284\Code\LCD_8_bit_new.c:146: P0_6=0;
0182 C286       889            clr     _P0_6
0184            890   ;        C:\Users\Saman\Documents\GitHub\eece_284\Code\LCD_8_bit_new.c:147: P3_0=0;
0184 C2B0       891            clr     _P3_0
0186            892   ;        C:\Users\Saman\Documents\GitHub\eece_284\Code\LCD_8_bit_new.c:148: P3_1=0;
0186 C2B1       893            clr     _P3_1
0188            894   ;        C:\Users\Saman\Documents\GitHub\eece_284\Code\LCD_8_bit_new.c:149: P1_2=0;
0188 C292       895            clr     _P1_2
018A            896   ;        C:\Users\Saman\Documents\GitHub\eece_284\Code\LCD_8_bit_new.c:150: P1_3=0;
018A C293       897            clr     _P1_3
018C            898   ;        C:\Users\Saman\Documents\GitHub\eece_284\Code\LCD_8_bit_new.c:152: delay();
018C 120100     899            lcall   _delay
018F            900   ;        C:\Users\Saman\Documents\GitHub\eece_284\Code\LCD_8_bit_new.c:154: P0_0=1;
018F D280       901            setb    _P0_0
0191            902   ;        C:\Users\Saman\Documents\GitHub\eece_284\Code\LCD_8_bit_new.c:155: P0_1=1;
0191 D281       903            setb    _P0_1
0193            904   ;        C:\Users\Saman\Documents\GitHub\eece_284\Code\LCD_8_bit_new.c:156: P0_2=1;
0193 D282       905            setb    _P0_2
0195            906   ;        C:\Users\Saman\Documents\GitHub\eece_284\Code\LCD_8_bit_new.c:157: P0_3=1;
0195 D283       907            setb    _P0_3
0197            908   ;        C:\Users\Saman\Documents\GitHub\eece_284\Code\LCD_8_bit_new.c:158: P0_4=1;
0197 D284       909            setb    _P0_4
0199            910   ;        C:\Users\Saman\Documents\GitHub\eece_284\Code\LCD_8_bit_new.c:159: P0_5=1;
0199 D285       911            setb    _P0_5
019B            912   ;        C:\Users\Saman\Documents\GitHub\eece_284\Code\LCD_8_bit_new.c:160: P0_6=1;
019B D286       913            setb    _P0_6
019D            914   ;        C:\Users\Saman\Documents\GitHub\eece_284\Code\LCD_8_bit_new.c:161: P3_0=1;
019D D2B0       915            setb    _P3_0
019F            916   ;        C:\Users\Saman\Documents\GitHub\eece_284\Code\LCD_8_bit_new.c:162: P3_1=1;
019F D2B1       917            setb    _P3_1
01A1            918   ;        C:\Users\Saman\Documents\GitHub\eece_284\Code\LCD_8_bit_new.c:163: P1_2=1;
01A1 D292       919            setb    _P1_2
01A3            920   ;        C:\Users\Saman\Documents\GitHub\eece_284\Code\LCD_8_bit_new.c:164: P1_3=1;
01A3 D293       921            setb    _P1_3
01A5            922   ;        C:\Users\Saman\Documents\GitHub\eece_284\Code\LCD_8_bit_new.c:166: delay();
01A5 120100     923            lcall   _delay
01A8 8001       924            sjmp    L012002?
01AA            925            rseg R_CSEG
01AA            926   
0000            927            rseg R_XINIT
0000            928   
0000            929            rseg R_CONST
0000            930   __str_0:
0000 504F5254   931            db 'PORT TEST'
     20544553
     54
0009 00         932            db 0x00
000A            933   
0003            934            CSEG
0003            935   
0003            936   end
