0000              1   ;--------------------------------------------------------
0000              2   ; File Created by C51
0000              3   ; Version 1.0.0 #1069 (Dec 11 2012) (MSVC)
0000              4   ; This file was generated Thu Feb 05 12:03:19 2015
0000              5   ;--------------------------------------------------------
                  5   $name square_p89lpc9351
                  6   $optc51 --model-small
0000              8            R_DSEG    segment data
0000              9            R_CSEG    segment code
0000             10            R_BSEG    segment bit
0000             11            R_XSEG    segment xdata
0000             12            R_PSEG    segment xdata
0000             13            R_ISEG    segment idata
0000             14            R_OSEG    segment data overlay
0000             15            BIT_BANK  segment data overlay
0000             16            R_HOME    segment code
0000             17            R_GSINIT  segment code
0000             18            R_IXSEG   segment xdata
0000             19            R_CONST   segment code
0000             20            R_XINIT   segment code
0000             21            R_DINIT   segment code
0000             22   
0000             23   ;--------------------------------------------------------
0000             24   ; Public variables in this module
0000             25   ;--------------------------------------------------------
0000             26            public _main
0000             27            public _pwmcounter
0000             28            public _InitTimer0
0000             29            public _InitSerialPort
0000             30            public _pwm1
0000             31            public _pwmcount
0000             32   ;--------------------------------------------------------
0000             33   ; Special Function Registers
0000             34   ;--------------------------------------------------------
0000             35   _ACC            DATA 0xe0
0000             36   _ADCON0         DATA 0x8e
0000             37   _ADCON1         DATA 0x97
0000             38   _ADINS          DATA 0xa3
0000             39   _ADMODA         DATA 0xc0
0000             40   _ADMODB         DATA 0xa1
0000             41   _AD0BH          DATA 0xbb
0000             42   _AD0BL          DATA 0xa6
0000             43   _AD0DAT0        DATA 0xc5
0000             44   _AD0DAT1        DATA 0xc6
0000             45   _AD0DAT2        DATA 0xc7
0000             46   _AD0DAT3        DATA 0xf4
0000             47   _AD1BH          DATA 0xc4
0000             48   _AD1BL          DATA 0xbc
0000             49   _AD1DAT0        DATA 0xd5
0000             50   _AD1DAT1        DATA 0xd6
0000             51   _AD1DAT2        DATA 0xd7
0000             52   _AD1DAT3        DATA 0xf5
0000             53   _AUXR1          DATA 0xa2
0000             54   _B              DATA 0xf0
0000             55   _BRGR0          DATA 0xbe
0000             56   _BRGR1          DATA 0xbf
0000             57   _BRGCON         DATA 0xbd
0000             58   _CCCRA          DATA 0xea
0000             59   _CCCRB          DATA 0xeb
0000             60   _CCCRC          DATA 0xec
0000             61   _CCCRD          DATA 0xed
0000             62   _CMP1           DATA 0xac
0000             63   _CMP2           DATA 0xad
0000             64   _DEECON         DATA 0xf1
0000             65   _DEEDAT         DATA 0xf2
0000             66   _DEEADR         DATA 0xf3
0000             67   _DIVM           DATA 0x95
0000             68   _DPH            DATA 0x83
0000             69   _DPL            DATA 0x82
0000             70   _FMADRH         DATA 0xe7
0000             71   _FMADRL         DATA 0xe6
0000             72   _FMCON          DATA 0xe4
0000             73   _FMDATA         DATA 0xe5
0000             74   _I2ADR          DATA 0xdb
0000             75   _I2CON          DATA 0xd8
0000             76   _I2DAT          DATA 0xda
0000             77   _I2SCLH         DATA 0xdd
0000             78   _I2SCLL         DATA 0xdc
0000             79   _I2STAT         DATA 0xd9
0000             80   _ICRAH          DATA 0xab
0000             81   _ICRAL          DATA 0xaa
0000             82   _ICRBH          DATA 0xaf
0000             83   _ICRBL          DATA 0xae
0000             84   _IEN0           DATA 0xa8
0000             85   _IEN1           DATA 0xe8
0000             86   _IP0            DATA 0xb8
0000             87   _IP0H           DATA 0xb7
0000             88   _IP1            DATA 0xf8
0000             89   _IP1H           DATA 0xf7
0000             90   _KBCON          DATA 0x94
0000             91   _KBMASK         DATA 0x86
0000             92   _KBPATN         DATA 0x93
0000             93   _OCRAH          DATA 0xef
0000             94   _OCRAL          DATA 0xee
0000             95   _OCRBH          DATA 0xfb
0000             96   _OCRBL          DATA 0xfa
0000             97   _OCRCH          DATA 0xfd
0000             98   _OCRCL          DATA 0xfc
0000             99   _OCRDH          DATA 0xff
0000            100   _OCRDL          DATA 0xfe
0000            101   _P0             DATA 0x80
0000            102   _P1             DATA 0x90
0000            103   _P2             DATA 0xa0
0000            104   _P3             DATA 0xb0
0000            105   _P0M1           DATA 0x84
0000            106   _P0M2           DATA 0x85
0000            107   _P1M1           DATA 0x91
0000            108   _P1M2           DATA 0x92
0000            109   _P2M1           DATA 0xa4
0000            110   _P2M2           DATA 0xa5
0000            111   _P3M1           DATA 0xb1
0000            112   _P3M2           DATA 0xb2
0000            113   _PCON           DATA 0x87
0000            114   _PCONA          DATA 0xb5
0000            115   _PSW            DATA 0xd0
0000            116   _PT0AD          DATA 0xf6
0000            117   _RSTSRC         DATA 0xdf
0000            118   _RTCCON         DATA 0xd1
0000            119   _RTCH           DATA 0xd2
0000            120   _RTCL           DATA 0xd3
0000            121   _SADDR          DATA 0xa9
0000            122   _SADEN          DATA 0xb9
0000            123   _SBUF           DATA 0x99
0000            124   _SCON           DATA 0x98
0000            125   _SSTAT          DATA 0xba
0000            126   _SP             DATA 0x81
0000            127   _SPCTL          DATA 0xe2
0000            128   _SPSTAT         DATA 0xe1
0000            129   _SPDAT          DATA 0xe3
0000            130   _TAMOD          DATA 0x8f
0000            131   _TCON           DATA 0x88
0000            132   _TCR20          DATA 0xc8
0000            133   _TCR21          DATA 0xf9
0000            134   _TH0            DATA 0x8c
0000            135   _TH1            DATA 0x8d
0000            136   _TH2            DATA 0xcd
0000            137   _TICR2          DATA 0xc9
0000            138   _TIFR2          DATA 0xe9
0000            139   _TISE2          DATA 0xde
0000            140   _TL0            DATA 0x8a
0000            141   _TL1            DATA 0x8b
0000            142   _TL2            DATA 0xcc
0000            143   _TMOD           DATA 0x89
0000            144   _TOR2H          DATA 0xcf
0000            145   _TOR2L          DATA 0xce
0000            146   _TPCR2H         DATA 0xcb
0000            147   _TPCR2L         DATA 0xca
0000            148   _TRIM           DATA 0x96
0000            149   _WDCON          DATA 0xa7
0000            150   _WDL            DATA 0xc1
0000            151   _WFEED1         DATA 0xc2
0000            152   _WFEED2         DATA 0xc3
0000            153   ;--------------------------------------------------------
0000            154   ; special function bits
0000            155   ;--------------------------------------------------------
0000            156   _ACC_7          BIT 0xe7
0000            157   _ACC_6          BIT 0xe6
0000            158   _ACC_5          BIT 0xe5
0000            159   _ACC_4          BIT 0xe4
0000            160   _ACC_3          BIT 0xe3
0000            161   _ACC_2          BIT 0xe2
0000            162   _ACC_1          BIT 0xe1
0000            163   _ACC_0          BIT 0xe0
0000            164   _ADMODA_7       BIT 0xc7
0000            165   _ADMODA_6       BIT 0xc6
0000            166   _ADMODA_5       BIT 0xc5
0000            167   _ADMODA_4       BIT 0xc4
0000            168   _ADMODA_3       BIT 0xc3
0000            169   _ADMODA_2       BIT 0xc2
0000            170   _ADMODA_1       BIT 0xc1
0000            171   _ADMODA_0       BIT 0xc0
0000            172   _BNDI1          BIT 0xc7
0000            173   _BURST1         BIT 0xc6
0000            174   _SCC1           BIT 0xc5
0000            175   _SCAN1          BIT 0xc4
0000            176   _BNDI0          BIT 0xc3
0000            177   _BURST0         BIT 0xc2
0000            178   _SCC0           BIT 0xc1
0000            179   _SCAN0          BIT 0xc0
0000            180   _B_7            BIT 0xf7
0000            181   _B_6            BIT 0xf6
0000            182   _B_5            BIT 0xf5
0000            183   _B_4            BIT 0xf4
0000            184   _B_3            BIT 0xf3
0000            185   _B_2            BIT 0xf2
0000            186   _B_1            BIT 0xf1
0000            187   _B_0            BIT 0xf0
0000            188   _I2CON_7        BIT 0xdf
0000            189   _I2CON_6        BIT 0xde
0000            190   _I2CON_5        BIT 0xdd
0000            191   _I2CON_4        BIT 0xdc
0000            192   _I2CON_3        BIT 0xdb
0000            193   _I2CON_2        BIT 0xda
0000            194   _I2CON_1        BIT 0xd9
0000            195   _I2CON_0        BIT 0xd8
0000            196   _I2EN           BIT 0xde
0000            197   _STA            BIT 0xdd
0000            198   _STO            BIT 0xdc
0000            199   _SI             BIT 0xdb
0000            200   _AA             BIT 0xda
0000            201   _CRSEL          BIT 0xd8
0000            202   _IEN0_7         BIT 0xaf
0000            203   _IEN0_6         BIT 0xae
0000            204   _IEN0_5         BIT 0xad
0000            205   _IEN0_4         BIT 0xac
0000            206   _IEN0_3         BIT 0xab
0000            207   _IEN0_2         BIT 0xaa
0000            208   _IEN0_1         BIT 0xa9
0000            209   _IEN0_0         BIT 0xa8
0000            210   _EA             BIT 0xaf
0000            211   _EWDRT          BIT 0xae
0000            212   _EBO            BIT 0xad
0000            213   _ES             BIT 0xac
0000            214   _ESR            BIT 0xac
0000            215   _ET1            BIT 0xab
0000            216   _EX1            BIT 0xaa
0000            217   _ET0            BIT 0xa9
0000            218   _EX0            BIT 0xa8
0000            219   _IEN1_7         BIT 0xef
0000            220   _IEN1_6         BIT 0xee
0000            221   _IEN1_5         BIT 0xed
0000            222   _IEN1_4         BIT 0xec
0000            223   _IEN1_3         BIT 0xeb
0000            224   _IEN1_2         BIT 0xea
0000            225   _IEN1_1         BIT 0xe9
0000            226   _IEN1_0         BIT 0xe8
0000            227   _EADEE          BIT 0xef
0000            228   _EST            BIT 0xee
0000            229   _ECCU           BIT 0xec
0000            230   _ESPI           BIT 0xeb
0000            231   _EC             BIT 0xea
0000            232   _EKBI           BIT 0xe9
0000            233   _EI2C           BIT 0xe8
0000            234   _IP0_7          BIT 0xbf
0000            235   _IP0_6          BIT 0xbe
0000            236   _IP0_5          BIT 0xbd
0000            237   _IP0_4          BIT 0xbc
0000            238   _IP0_3          BIT 0xbb
0000            239   _IP0_2          BIT 0xba
0000            240   _IP0_1          BIT 0xb9
0000            241   _IP0_0          BIT 0xb8
0000            242   _PWDRT          BIT 0xbe
0000            243   _PBO            BIT 0xbd
0000            244   _PS             BIT 0xbc
0000            245   _PSR            BIT 0xbc
0000            246   _PT1            BIT 0xbb
0000            247   _PX1            BIT 0xba
0000            248   _PT0            BIT 0xb9
0000            249   _PX0            BIT 0xb8
0000            250   _IP1_7          BIT 0xff
0000            251   _IP1_6          BIT 0xfe
0000            252   _IP1_5          BIT 0xfd
0000            253   _IP1_4          BIT 0xfc
0000            254   _IP1_3          BIT 0xfb
0000            255   _IP1_2          BIT 0xfa
0000            256   _IP1_1          BIT 0xf9
0000            257   _IP1_0          BIT 0xf8
0000            258   _PADEE          BIT 0xff
0000            259   _PST            BIT 0xfe
0000            260   _PCCU           BIT 0xfc
0000            261   _PSPI           BIT 0xfb
0000            262   _PC             BIT 0xfa
0000            263   _PKBI           BIT 0xf9
0000            264   _PI2C           BIT 0xf8
0000            265   _P0_7           BIT 0x87
0000            266   _P0_6           BIT 0x86
0000            267   _P0_5           BIT 0x85
0000            268   _P0_4           BIT 0x84
0000            269   _P0_3           BIT 0x83
0000            270   _P0_2           BIT 0x82
0000            271   _P0_1           BIT 0x81
0000            272   _P0_0           BIT 0x80
0000            273   _T1             BIT 0x87
0000            274   _KB7            BIT 0x87
0000            275   _CMP_1          BIT 0x86
0000            276   _KB6            BIT 0x86
0000            277   _CMPREF         BIT 0x85
0000            278   _KB5            BIT 0x85
0000            279   _CIN1A          BIT 0x84
0000            280   _KB4            BIT 0x84
0000            281   _CIN1B          BIT 0x83
0000            282   _KB3            BIT 0x83
0000            283   _CIN2A          BIT 0x82
0000            284   _KB2            BIT 0x82
0000            285   _CIN2B          BIT 0x81
0000            286   _KB1            BIT 0x81
0000            287   _CMP_2          BIT 0x80
0000            288   _KB0            BIT 0x80
0000            289   _P1_7           BIT 0x97
0000            290   _P1_6           BIT 0x96
0000            291   _P1_5           BIT 0x95
0000            292   _P1_4           BIT 0x94
0000            293   _P1_3           BIT 0x93
0000            294   _P1_2           BIT 0x92
0000            295   _P1_1           BIT 0x91
0000            296   _P1_0           BIT 0x90
0000            297   _OCC            BIT 0x97
0000            298   _OCB            BIT 0x96
0000            299   _RST            BIT 0x95
0000            300   _INT1           BIT 0x94
0000            301   _INT0           BIT 0x93
0000            302   _SDA            BIT 0x93
0000            303   _T0             BIT 0x92
0000            304   _SCL            BIT 0x92
0000            305   _RXD            BIT 0x91
0000            306   _TXD            BIT 0x90
0000            307   _P2_7           BIT 0xa7
0000            308   _P2_6           BIT 0xa6
0000            309   _P2_5           BIT 0xa5
0000            310   _P2_4           BIT 0xa4
0000            311   _P2_3           BIT 0xa3
0000            312   _P2_2           BIT 0xa2
0000            313   _P2_1           BIT 0xa1
0000            314   _P2_0           BIT 0xa0
0000            315   _ICA            BIT 0xa7
0000            316   _OCA            BIT 0xa6
0000            317   _SPICLK         BIT 0xa5
0000            318   _SS             BIT 0xa4
0000            319   _MISO           BIT 0xa3
0000            320   _MOSI           BIT 0xa2
0000            321   _OCD            BIT 0xa1
0000            322   _ICB            BIT 0xa0
0000            323   _P3_7           BIT 0xb7
0000            324   _P3_6           BIT 0xb6
0000            325   _P3_5           BIT 0xb5
0000            326   _P3_4           BIT 0xb4
0000            327   _P3_3           BIT 0xb3
0000            328   _P3_2           BIT 0xb2
0000            329   _P3_1           BIT 0xb1
0000            330   _P3_0           BIT 0xb0
0000            331   _XTAL1          BIT 0xb1
0000            332   _XTAL2          BIT 0xb0
0000            333   _PSW_7          BIT 0xd7
0000            334   _PSW_6          BIT 0xd6
0000            335   _PSW_5          BIT 0xd5
0000            336   _PSW_4          BIT 0xd4
0000            337   _PSW_3          BIT 0xd3
0000            338   _PSW_2          BIT 0xd2
0000            339   _PSW_1          BIT 0xd1
0000            340   _PSW_0          BIT 0xd0
0000            341   _CY             BIT 0xd7
0000            342   _AC             BIT 0xd6
0000            343   _F0             BIT 0xd5
0000            344   _RS1            BIT 0xd4
0000            345   _RS0            BIT 0xd3
0000            346   _OV             BIT 0xd2
0000            347   _F1             BIT 0xd1
0000            348   _P              BIT 0xd0
0000            349   _SCON_7         BIT 0x9f
0000            350   _SCON_6         BIT 0x9e
0000            351   _SCON_5         BIT 0x9d
0000            352   _SCON_4         BIT 0x9c
0000            353   _SCON_3         BIT 0x9b
0000            354   _SCON_2         BIT 0x9a
0000            355   _SCON_1         BIT 0x99
0000            356   _SCON_0         BIT 0x98
0000            357   _SM0            BIT 0x9f
0000            358   _FE             BIT 0x9f
0000            359   _SM1            BIT 0x9e
0000            360   _SM2            BIT 0x9d
0000            361   _REN            BIT 0x9c
0000            362   _TB8            BIT 0x9b
0000            363   _RB8            BIT 0x9a
0000            364   _TI             BIT 0x99
0000            365   _RI             BIT 0x98
0000            366   _TCON_7         BIT 0x8f
0000            367   _TCON_6         BIT 0x8e
0000            368   _TCON_5         BIT 0x8d
0000            369   _TCON_4         BIT 0x8c
0000            370   _TCON_3         BIT 0x8b
0000            371   _TCON_2         BIT 0x8a
0000            372   _TCON_1         BIT 0x89
0000            373   _TCON_0         BIT 0x88
0000            374   _TF1            BIT 0x8f
0000            375   _TR1            BIT 0x8e
0000            376   _TF0            BIT 0x8d
0000            377   _TR0            BIT 0x8c
0000            378   _IE1            BIT 0x8b
0000            379   _IT1            BIT 0x8a
0000            380   _IE0            BIT 0x89
0000            381   _IT0            BIT 0x88
0000            382   _TCR20_7        BIT 0xcf
0000            383   _TCR20_6        BIT 0xce
0000            384   _TCR20_5        BIT 0xcd
0000            385   _TCR20_4        BIT 0xcc
0000            386   _TCR20_3        BIT 0xcb
0000            387   _TCR20_2        BIT 0xca
0000            388   _TCR20_1        BIT 0xc9
0000            389   _TCR20_0        BIT 0xc8
0000            390   _PLEEN          BIT 0xcf
0000            391   _HLTRN          BIT 0xce
0000            392   _HLTEN          BIT 0xcd
0000            393   _ALTCD          BIT 0xcc
0000            394   _ALTAB          BIT 0xcb
0000            395   _TDIR2          BIT 0xca
0000            396   _TMOD21         BIT 0xc9
0000            397   _TMOD20         BIT 0xc8
0000            398   ;--------------------------------------------------------
0000            399   ; overlayable register banks
0000            400   ;--------------------------------------------------------
0000            401            rbank0 segment data overlay
0000            402   ;--------------------------------------------------------
0000            403   ; internal ram data
0000            404   ;--------------------------------------------------------
0000            405            rseg R_DSEG
0000            406   _pwmcount:
0000            407            ds 1
0001            408   _pwm1:
0001            409            ds 1
0002            410   ;--------------------------------------------------------
0002            411   ; overlayable items in internal ram 
0002            412   ;--------------------------------------------------------
0000            413            rseg R_OSEG
0000            414   ;--------------------------------------------------------
0000            415   ; indirectly addressable internal ram data
0000            416   ;--------------------------------------------------------
0000            417            rseg R_ISEG
0000            418   ;--------------------------------------------------------
0000            419   ; absolute internal ram data
0000            420   ;--------------------------------------------------------
0000            421            DSEG
0000            422   ;--------------------------------------------------------
0000            423   ; bit data
0000            424   ;--------------------------------------------------------
0000            425            rseg R_BSEG
0000            426   ;--------------------------------------------------------
0000            427   ; paged external ram data
0000            428   ;--------------------------------------------------------
0000            429            rseg R_PSEG
0000            430   ;--------------------------------------------------------
0000            431   ; external ram data
0000            432   ;--------------------------------------------------------
0000            433            rseg R_XSEG
FFC8            434            XSEG at 0xffc8
FFC8            435   _BODCFG: ds 1
FFC9            436            public _BODCFG
0000            437            rseg R_XSEG
FFDE            438            XSEG at 0xffde
FFDE            439   _CLKCON: ds 1
FFDF            440            public _CLKCON
0000            441            rseg R_XSEG
FFE1            442            XSEG at 0xffe1
FFE1            443   _PGACON1: ds 1
FFE2            444            public _PGACON1
0000            445            rseg R_XSEG
FFE4            446            XSEG at 0xffe4
FFE4            447   _PGACON1B: ds 1
FFE5            448            public _PGACON1B
0000            449            rseg R_XSEG
FFE3            450            XSEG at 0xffe3
FFE3            451   _PGA1TRIM8X16X: ds 1
FFE4            452            public _PGA1TRIM8X16X
0000            453            rseg R_XSEG
FFE2            454            XSEG at 0xffe2
FFE2            455   _PGA1TRIM2X4X: ds 1
FFE3            456            public _PGA1TRIM2X4X
0000            457            rseg R_XSEG
FFCA            458            XSEG at 0xffca
FFCA            459   _PGACON0: ds 1
FFCB            460            public _PGACON0
0000            461            rseg R_XSEG
FFCE            462            XSEG at 0xffce
FFCE            463   _PGACON0B: ds 1
FFCF            464            public _PGACON0B
0000            465            rseg R_XSEG
FFCD            466            XSEG at 0xffcd
FFCD            467   _PGA0TRIM8X16X: ds 1
FFCE            468            public _PGA0TRIM8X16X
0000            469            rseg R_XSEG
FFCC            470            XSEG at 0xffcc
FFCC            471   _PGA0TRIM2X4X: ds 1
FFCD            472            public _PGA0TRIM2X4X
0000            473            rseg R_XSEG
FFBF            474            XSEG at 0xffbf
FFBF            475   _RTCDATH: ds 1
FFC0            476            public _RTCDATH
0000            477            rseg R_XSEG
FFBE            478            XSEG at 0xffbe
FFBE            479   _RTCDATL: ds 1
FFBF            480            public _RTCDATL
0000            481            rseg R_XSEG
0000            482   ;--------------------------------------------------------
0000            483   ; absolute external ram data
0000            484   ;--------------------------------------------------------
FFBF            485            XSEG
FFBF            486   ;--------------------------------------------------------
FFBF            487   ; external initialized ram data
FFBF            488   ;--------------------------------------------------------
0000            489            rseg R_IXSEG
0000            490            rseg R_HOME
0000            491            rseg R_GSINIT
0000            492            rseg R_CSEG
0000            493   ;--------------------------------------------------------
0000            494   ; Reset entry point and interrupt vectors
0000            495   ;--------------------------------------------------------
0000            496            CSEG at 0x0000
0000 020100     497            ljmp    _crt0
000B            498            CSEG at 0x000b
000B 020100     499            ljmp    _pwmcounter
000E            500   ;--------------------------------------------------------
000E            501   ; global & static initialisations
000E            502   ;--------------------------------------------------------
0000            503            rseg R_HOME
0000            504            rseg R_GSINIT
0000            505            rseg R_GSINIT
0000            506   ;--------------------------------------------------------
0000            507   ; data variables initialization
0000            508   ;--------------------------------------------------------
0000            509            rseg R_DINIT
0000            510            ; The linker places a 'ret' at the end of segment R_DINIT.
0000            511   ;--------------------------------------------------------
0000            512   ; code
0000            513   ;--------------------------------------------------------
0000            514            rseg R_CSEG
0000            515   ;------------------------------------------------------------
0000            516   ;Allocation info for local variables in function 'InitSerialPort'
0000            517   ;------------------------------------------------------------
0000            518   ;------------------------------------------------------------
0000            519   ;        C:\Users\Saman\Documents\GitHub\eece_284\Code\square_p89lpc9351.c:17: void InitSerialPort(void)
0000            520   ;        -----------------------------------------
0000            521   ;         function InitSerialPort
0000            522   ;        -----------------------------------------
0000            523   _InitSerialPort:
0000            524            using   0
0000            525   ;        C:\Users\Saman\Documents\GitHub\eece_284\Code\square_p89lpc9351.c:19: BRGCON=0x00; //Make sure the baud rate generator is off
0000 75BD00     526            mov     _BRGCON,#0x00
0003            527   ;        C:\Users\Saman\Documents\GitHub\eece_284\Code\square_p89lpc9351.c:20: BRGR1=((XTAL/BAUD)-16)/0x100;
0003 75BF00     528            mov     _BRGR1,#0x00
0006            529   ;        C:\Users\Saman\Documents\GitHub\eece_284\Code\square_p89lpc9351.c:21: BRGR0=((XTAL/BAUD)-16)%0x100;
0006 75BE30     530            mov     _BRGR0,#0x30
0009            531   ;        C:\Users\Saman\Documents\GitHub\eece_284\Code\square_p89lpc9351.c:22: BRGCON=0x03; //Turn-on the baud rate generator
0009 75BD03     532            mov     _BRGCON,#0x03
000C            533   ;        C:\Users\Saman\Documents\GitHub\eece_284\Code\square_p89lpc9351.c:23: SCON=0x52; //Serial port in mode 1, ren, txrdy, rxempty
000C 759852     534            mov     _SCON,#0x52
000F            535   ;        C:\Users\Saman\Documents\GitHub\eece_284\Code\square_p89lpc9351.c:24: P1M1=0x00; //Enable pins RxD and Txd
000F 759100     536            mov     _P1M1,#0x00
0012            537   ;        C:\Users\Saman\Documents\GitHub\eece_284\Code\square_p89lpc9351.c:25: P1M2=0x00; //Enable pins RxD and Txd
0012 759200     538            mov     _P1M2,#0x00
0015 22         539            ret
0016            540   ;------------------------------------------------------------
0016            541   ;Allocation info for local variables in function 'InitTimer0'
0016            542   ;------------------------------------------------------------
0016            543   ;------------------------------------------------------------
0016            544   ;        C:\Users\Saman\Documents\GitHub\eece_284\Code\square_p89lpc9351.c:28: void InitTimer0 (void)
0016            545   ;        -----------------------------------------
0016            546   ;         function InitTimer0
0016            547   ;        -----------------------------------------
0016            548   _InitTimer0:
0016            549   ;        C:\Users\Saman\Documents\GitHub\eece_284\Code\square_p89lpc9351.c:31: TR0=0; // Stop timer 0
0016 C28C       550            clr     _TR0
0018            551   ;        C:\Users\Saman\Documents\GitHub\eece_284\Code\square_p89lpc9351.c:32: TMOD=(TMOD&0xf0)|0x01; // 16-bit timer
0018 74F0       552            mov     a,#0xF0
001A 5589       553            anl     a,_TMOD
001C 4401       554            orl     a,#0x01
001E F589       555            mov     _TMOD,a
0020            556   ;        C:\Users\Saman\Documents\GitHub\eece_284\Code\square_p89lpc9351.c:33: TH0=TIMER0_RELOAD_VALUE/0x100;
0020 758CFE     557            mov     _TH0,#0xFE
0023            558   ;        C:\Users\Saman\Documents\GitHub\eece_284\Code\square_p89lpc9351.c:34: TL0=TIMER0_RELOAD_VALUE%0x100;
0023 758A90     559            mov     _TL0,#0x90
0026            560   ;        C:\Users\Saman\Documents\GitHub\eece_284\Code\square_p89lpc9351.c:35: TR0=1; // Start timer 0 (bit 4 in TCON)
0026 D28C       561            setb    _TR0
0028            562   ;        C:\Users\Saman\Documents\GitHub\eece_284\Code\square_p89lpc9351.c:36: ET0=1; // Enable timer 0 interrupt
0028 D2A9       563            setb    _ET0
002A            564   ;        C:\Users\Saman\Documents\GitHub\eece_284\Code\square_p89lpc9351.c:37: EA=1;  // Enable global interrupts
002A D2AF       565            setb    _EA
002C 22         566            ret
002D            567   ;------------------------------------------------------------
002D            568   ;Allocation info for local variables in function 'pwmcounter'
002D            569   ;------------------------------------------------------------
002D            570   ;------------------------------------------------------------
002D            571   ;        C:\Users\Saman\Documents\GitHub\eece_284\Code\square_p89lpc9351.c:41: void pwmcounter (void) interrupt 1
002D            572   ;        -----------------------------------------
002D            573   ;         function pwmcounter
002D            574   ;        -----------------------------------------
002D            575   _pwmcounter:
002D C0E0       576            push    acc
002F C0D0       577            push    psw
0031 75D000     578            mov     psw,#0x00
0034            579   ;        C:\Users\Saman\Documents\GitHub\eece_284\Code\square_p89lpc9351.c:44: TR0=0; // Stop timer 0
0034 C28C       580            clr     _TR0
0036            581   ;        C:\Users\Saman\Documents\GitHub\eece_284\Code\square_p89lpc9351.c:45: TH0=TIMER0_RELOAD_VALUE/0x100;
0036 758CFE     582            mov     _TH0,#0xFE
0039            583   ;        C:\Users\Saman\Documents\GitHub\eece_284\Code\square_p89lpc9351.c:46: TL0=TIMER0_RELOAD_VALUE%0x100;
0039 758A90     584            mov     _TL0,#0x90
003C            585   ;        C:\Users\Saman\Documents\GitHub\eece_284\Code\square_p89lpc9351.c:47: TR0=1; // Start timer 0
003C D28C       586            setb    _TR0
003E            587   ;        C:\Users\Saman\Documents\GitHub\eece_284\Code\square_p89lpc9351.c:48: if(++pwmcount>99) pwmcount=0;
003E 05B0       588            inc     _pwmcount
0040 E5B0       589            mov     a,_pwmcount
0042 249C       590            add     a,#0xff - 0x63
0044 5001       591            jnc     L004002?
0046 75B000     592            mov     _pwmcount,#0x00
0049            593   L004002?:
0049            594   ;        C:\Users\Saman\Documents\GitHub\eece_284\Code\square_p89lpc9351.c:49: P1_6=(pwm1>pwmcount)?1:0;
0049 C3         595            clr     c
004A E5B0       596            mov     a,_pwmcount
004C 9570       597            subb    a,_pwm1
004E 9296       598            mov     _P1_6,c
0050 D0D0       599            pop     psw
0052 D0E0       600            pop     acc
0054 32         601            reti
0055            602   ;        eliminated unneeded push/pop dpl
0055            603   ;        eliminated unneeded push/pop dph
0055            604   ;        eliminated unneeded push/pop b
0055            605   ;------------------------------------------------------------
0055            606   ;Allocation info for local variables in function 'main'
0055            607   ;------------------------------------------------------------
0055            608   ;------------------------------------------------------------
0055            609   ;        C:\Users\Saman\Documents\GitHub\eece_284\Code\square_p89lpc9351.c:52: void main (void)
0055            610   ;        -----------------------------------------
0055            611   ;         function main
0055            612   ;        -----------------------------------------
0055            613   _main:
0055            614   ;        C:\Users\Saman\Documents\GitHub\eece_284\Code\square_p89lpc9351.c:54: InitSerialPort();
0055 120100     615            lcall   _InitSerialPort
0058            616   ;        C:\Users\Saman\Documents\GitHub\eece_284\Code\square_p89lpc9351.c:55: InitTimer0();
0058 120100     617            lcall   _InitTimer0
005B            618   ;        C:\Users\Saman\Documents\GitHub\eece_284\Code\square_p89lpc9351.c:56: pwm1=50; //50% duty cycle wave at 100Hz
005B 757032     619            mov     _pwm1,#0x32
005E            620   ;        C:\Users\Saman\Documents\GitHub\eece_284\Code\square_p89lpc9351.c:57: printf("Hello!\n\rPlease check pin 3 (P1.6) with the oscilloscope!\n\r");
005E 7458       621            mov     a,#__str_0
0060 C0E0       622            push    acc
0062 749D       623            mov     a,#(__str_0 >> 8)
0064 C0E0       624            push    acc
0066 7480       625            mov     a,#0x80
0068 C0E0       626            push    acc
006A 120100     627            lcall   _printf
006D 1581       628            dec     sp
006F 1581       629            dec     sp
0071 1581       630            dec     sp
0073            631   ;        C:\Users\Saman\Documents\GitHub\eece_284\Code\square_p89lpc9351.c:58: P1_7=0;
0073 C297       632            clr     _P1_7
0075 22         633            ret
0076            634            rseg R_CSEG
0076            635   
0000            636            rseg R_XINIT
0000            637   
0000            638            rseg R_CONST
0000            639   __str_0:
0000 48656C6C   640            db 'Hello!'
     6F21
0006 0A         641            db 0x0A
0007 0D         642            db 0x0D
0008 506C6561   643            db 'Please check pin 3 (P1.6) with the oscilloscope!'
     73652063
     6865636B
     2070696E
     20332028
     50312E36
     29207769
     74682074
     6865206F
     7363696C
     6C6F7363
     6F706521
0038 0A         644            db 0x0A
0039 0D         645            db 0x0D
003A 00         646            db 0x00
003B            647   
000E            648            CSEG
000E            649   
000E            650   end
